[Mio]]2020/03/13 20:10:32 [I] [P] plugins.Roll插件读取成功
[Mio]2020/03/13 20:11:50 [I] plugins.Roll插件读取成功
[Mio]2020/03/13 20:13:41 [I] plugins.Roll插件读取成功
[Mio]2020/03/13 20:15:38 [I] plugins.Roll插件读取成功
[Mio]2020/03/13 20:15:41 [I] 私人消息，响应plugins.Roll插件
[Mio]2020/03/13 20:16:03 [I] plugins.Roll插件读取成功
[Mio]2020/03/13 20:16:05 [I] 私人消息，响应plugins.Roll插件
[Mio]2020/03/13 20:18:25 [I] plugins.Roll插件读取成功
[Mio]2020/03/13 20:20:06 [I] plugins.Roll插件读取成功
[Mio]2020/03/13 20:21:16 [I] plugins.Roll插件读取成功
[Mio]2020/03/13 20:22:40 [I] plugins.Roll插件读取成功
[Mio]2020/03/13 20:23:06 [I] plugins.Roll插件读取成功
[Mio]2020/03/13 20:23:34 [I] plugins.Roll插件读取成功
[Mio]2020/03/13 20:26:59 [I] plugins.Roll插件读取成功
[Mio]2020/03/13 20:27:34 [I] private
[Mio]2020/03/13 20:27:34 [I] 私人消息，响应plugins.Roll插件
[Mio]2020/03/13 20:27:34 [I] private
[Mio]2020/03/13 20:27:34 [I] 私人消息，响应plugins.Roll插件
[Mio]2020/03/13 20:27:34 [I] private
[Mio]2020/03/13 20:27:34 [I] 私人消息，响应plugins.Roll插件
[Mio]2020/03/13 20:27:34 [I] private
[Mio]2020/03/13 20:27:34 [I] 私人消息，响应plugins.Roll插件
[Mio]2020/03/13 20:27:34 [I] private
[Mio]2020/03/13 20:27:34 [I] 私人消息，响应plugins.Roll插件
[Mio]2020/03/13 20:27:34 [I] private
[Mio]2020/03/13 20:27:34 [I] 私人消息，响应plugins.Roll插件
[Mio]2020/03/13 20:27:34 [I] private
[Mio]2020/03/13 20:27:34 [I] 私人消息，响应plugins.Roll插件
[Mio]2020/03/13 20:27:34 [I] private
[Mio]2020/03/13 20:27:34 [I] 私人消息，响应plugins.Roll插件
[Amy~]2020/03/13 20:49:07 [I] plugins.Roll插件读取成功
[Amy~]2020/03/13 20:49:30 [I] plugins.Roll插件读取成功
[Amy~]2020/03/13 20:50:16 [I] private
[Amy~]2020/03/13 20:50:16 [I] 私人消息，响应plugins.Roll插件
[Amy~]2020/03/13 20:56:33 [I] plugins.Roll插件读取成功
[Amy~]2020/03/13 20:56:38 [I] private
[Amy~]2020/03/13 20:56:38 [I] 私人消息，响应plugins.Roll插件
[Amy~]2020/03/13 21:01:36 [I] plugins.Roll插件读取成功
[Amy~]2020/03/13 21:01:40 [I] private
[Amy~]2020/03/13 21:01:40 [I] 私人消息，响应plugins.Roll插件
[Amy~]2020/03/13 21:05:12 [I] plugins.Roll插件读取成功
[Amy~]2020/03/13 21:05:32 [I] plugins.Roll插件读取成功
[Amy~]2020/03/13 21:05:32 [I] 以开启Signature验证, key=amy
[Amy~]2020/03/13 21:06:36 [I] plugins.Roll插件读取成功
[Amy~]2020/03/13 21:06:36 [I] 以开启Signature验证, key=amy
[Amy~]2020/03/13 21:06:40 [I] 接受到CQHTTP消息，开始解析处理
[Amy~]2020/03/13 21:06:40 [E] 解析数据失败: EOF
[Amy~]2020/03/13 21:10:14 [I] plugins.Roll插件读取成功
[Amy~]2020/03/13 21:10:14 [I] 以开启Signature验证, key=amy
[Amy~]2020/03/13 21:10:16 [I] 接受到CQHTTP消息，开始解析处理
[Amy~]2020/03/13 21:10:16 [I] private
[Amy~]2020/03/13 21:10:16 [I] 私人消息，响应plugins.Roll插件
[Amy~]2020/03/13 21:17:16 [I] plugins.Roll插件读取成功
[Amy~]2020/03/13 21:17:16 [I] 以开启Signature验证, key=amy
[Amy~]2020/03/13 21:17:22 [I] 消息不来自CQHTTP，以屏蔽处理
[Amy~]2020/03/13 21:17:22 [E] 解析数据失败: EOF
[Amy~]2020/03/13 21:18:21 [I] plugins.Roll插件读取成功
[Amy~]2020/03/13 21:18:21 [I] 以开启Signature验证, key=amy
[Amy~]2020/03/13 21:18:24 [I] 消息不来自CQHTTP，以屏蔽处理
[Amy~]2020/03/13 21:18:24 [E] 解析数据失败: EOF
[Amy~]2020/03/13 21:18:48 [I] 消息不来自CQHTTP，以屏蔽处理
[Amy~]2020/03/13 21:18:48 [E] 解析数据失败: EOF
[Amy~]2020/03/13 21:19:06 [I] 消息不来自CQHTTP，以屏蔽处理
[Amy~]2020/03/13 21:19:06 [E] 解析数据失败: EOF
[Amy~]2020/03/13 21:20:53 [I] 消息不来自CQHTTP，以屏蔽处理
[Amy~]2020/03/13 21:20:53 [E] 解析数据失败: EOF
[Amy~]2020/03/13 21:26:14 [I] plugins.Roll插件读取成功
[Amy~]2020/03/13 21:26:14 [I] 以开启Signature验证, key=amy
[Amy~]2020/03/13 21:26:17 [I] 消息不来自CQHTTP，以屏蔽处理
[Amy~]2020/03/13 21:26:17 [E] 解析数据失败: EOF
[Amy~]2020/03/13 21:28:58 [I] plugins.Roll插件读取成功
[Amy~]2020/03/13 21:28:58 [I] 以开启Signature验证, key=amy
[Amy~]2020/03/13 21:29:13 [I] 消息不来自CQHTTP，以屏蔽处理
[Amy~]2020/03/13 21:29:13 [E] 解析数据失败: EOF
[Amy~]2020/03/13 21:30:22 [I] plugins.Roll插件读取成功
[Amy~]2020/03/13 21:30:22 [I] 以开启Signature验证, key=amy
[Amy~]2020/03/13 21:30:31 [I] 消息不来自CQHTTP，以屏蔽处理
[Amy~]2020/03/13 21:30:31 [E] 解析数据失败: EOF
[Amy~]2020/03/13 21:31:04 [I] plugins.Roll插件读取成功
[Amy~]2020/03/13 21:31:21 [I] 以开启Signature验证, key=amy
[Amy~]2020/03/13 21:31:45 [I] plugins.Roll插件读取成功
[Amy~]2020/03/13 21:31:45 [I] 以开启Signature验证, key=amy
[Amy~]2020/03/13 21:32:30 [I] plugins.Roll插件读取成功
[Amy~]2020/03/13 21:32:30 [I] 以开启Signature验证, key=amy
[Amy~]2020/03/13 21:32:33 [I] 消息不来自CQHTTP，以屏蔽处理
[Amy~]2020/03/13 21:32:33 [E] 解析数据失败: EOF
[Amy~]2020/03/13 21:33:24 [I] plugins.Roll插件读取成功
[Amy~]2020/03/13 21:33:24 [I] 以开启Signature验证, key=amy
[Amy~]2020/03/13 21:33:26 [I] 消息不来自CQHTTP，以屏蔽处理
[Amy~]2020/03/13 21:33:26 [E] 解析数据失败: EOF
[Amy~]2020/03/13 21:34:07 [I] plugins.Roll插件读取成功
[Amy~]2020/03/13 21:34:07 [I] 以开启Signature验证, key=amy
[Amy~]2020/03/13 21:34:08 [I] 消息不来自CQHTTP，以屏蔽处理
[Amy~]2020/03/13 21:34:08 [E] 解析数据失败: EOF
[Amy~]2020/03/13 21:36:06 [I] 消息不来自CQHTTP，以屏蔽处理
[Amy~]2020/03/13 21:36:06 [E] 解析数据失败: EOF
[Amy~]2020/03/13 21:37:23 [I] plugins.Roll插件读取成功
[Amy~]2020/03/13 21:37:23 [I] 以开启Signature验证, key=amy
[Amy~]2020/03/13 21:37:26 [I] 消息不来自CQHTTP，以屏蔽处理
[Amy~]2020/03/13 21:38:31 [I] 接受到CQHTTP消息，开始解析处理
[Amy~]2020/03/13 21:38:37 [I] 接受到CQHTTP消息，开始解析处理
[Amy~]2020/03/13 21:38:37 [I] private
[Amy~]2020/03/13 21:38:40 [I] 接受到CQHTTP消息，开始解析处理
[Amy~]2020/03/13 21:38:40 [I] private
[Amy~]2020/03/13 21:38:40 [I] 私人消息，响应plugins.Roll插件
[Amy~]2020/03/13 21:46:49 [I] plugins.Roll插件读取成功
[Amy~]2020/03/13 21:46:49 [I] 以开启Signature验证, key=amy
